[debug] [2025-07-26T09:15:58.116Z] ----------------------------------------------------------------------
[debug] [2025-07-26T09:15:58.121Z] Command:       C:\Program Files\nodejs\node.exe C:\Users\Ciracore\AppData\Roaming\npm\node_modules\firebase-tools\lib\bin\firebase.js emulators:start
[debug] [2025-07-26T09:15:58.122Z] CLI Version:   14.11.1
[debug] [2025-07-26T09:15:58.122Z] Platform:      win32
[debug] [2025-07-26T09:15:58.122Z] Node Version:  v22.16.0
[debug] [2025-07-26T09:15:58.122Z] Time:          Sat Jul 26 2025 16:15:58 GMT+0700 (เวลาอินโดจีน)
[debug] [2025-07-26T09:15:58.122Z] ----------------------------------------------------------------------
[debug] 
[debug] [2025-07-26T09:15:58.438Z] > command requires scopes: ["email","openid","https://www.googleapis.com/auth/cloudplatformprojects.readonly","https://www.googleapis.com/auth/firebase","https://www.googleapis.com/auth/cloud-platform"]
[debug] [2025-07-26T09:15:58.438Z] > authorizing via signed-in user (65310140@go.buu.ac.th)
[info] i  emulators: Starting emulators: hosting {"metadata":{"emulator":{"name":"hub"},"message":"Starting emulators: hosting"}}
[warn] !  hub: emulator hub unable to start on port 4400, starting on 4401 instead. {"metadata":{"emulator":{"name":"hub"},"message":"emulator hub unable to start on port 4400, starting on 4401 instead."}}
[warn] !  logging: Logging Emulator unable to start on port 4500, starting on 4501 instead. {"metadata":{"emulator":{"name":"logging"},"message":"Logging Emulator unable to start on port 4500, starting on 4501 instead."}}
[debug] [2025-07-26T09:15:58.454Z] [logging] Logging Emulator only supports listening on one address (127.0.0.1). Not listening on ::1
[warn] !  hosting: Hosting Emulator unable to start on port 5000, starting on 5002 instead. {"metadata":{"emulator":{"name":"hosting"},"message":"Hosting Emulator unable to start on port 5000, starting on 5002 instead."}}
[debug] [2025-07-26T09:15:58.454Z] [hosting] Hosting Emulator only supports listening on one address (127.0.0.1). Not listening on ::1
[debug] [2025-07-26T09:15:58.454Z] assigned listening specs for emulators {"user":{"hub":[{"address":"127.0.0.1","family":"IPv4","port":4401},{"address":"::1","family":"IPv6","port":4401}],"logging":[{"address":"127.0.0.1","family":"IPv4","port":4501}],"hosting":[{"address":"127.0.0.1","family":"IPv4","port":5002}]},"metadata":{"message":"assigned listening specs for emulators"}}
[warn] !  emulators: It seems that you are running multiple instances of the emulator suite for project weather-31ba2. This may result in unexpected behavior. 
[debug] [2025-07-26T09:15:58.460Z] [hub] writing locator at C:\Users\Ciracore\AppData\Local\Temp\hub-weather-31ba2.json
[debug] [2025-07-26T09:15:58.496Z] Checked if tokens are valid: false, expires at: 1753521203188
[debug] [2025-07-26T09:15:58.496Z] Checked if tokens are valid: false, expires at: 1753521203188
[debug] [2025-07-26T09:15:58.496Z] > refreshing access token with scopes: []
[debug] [2025-07-26T09:15:58.499Z] >>> [apiv2][query] POST https://www.googleapis.com/oauth2/v3/token [none]
[debug] [2025-07-26T09:15:58.499Z] >>> [apiv2][body] POST https://www.googleapis.com/oauth2/v3/token [omitted]
[debug] [2025-07-26T09:15:58.725Z] <<< [apiv2][status] POST https://www.googleapis.com/oauth2/v3/token 200
[debug] [2025-07-26T09:15:58.725Z] <<< [apiv2][body] POST https://www.googleapis.com/oauth2/v3/token [omitted]
[debug] [2025-07-26T09:15:58.734Z] >>> [apiv2][query] GET https://firebasehosting.googleapis.com/v1beta1/projects/weather-31ba2/sites 
[debug] [2025-07-26T09:15:59.783Z] <<< [apiv2][status] GET https://firebasehosting.googleapis.com/v1beta1/projects/weather-31ba2/sites 200
[debug] [2025-07-26T09:15:59.783Z] <<< [apiv2][body] GET https://firebasehosting.googleapis.com/v1beta1/projects/weather-31ba2/sites {"sites":[{"name":"projects/weather-31ba2/sites/weather-31ba2","defaultUrl":"https://weather-31ba2.web.app","appId":"1:229233406375:web:59013c92957e3279308682","type":"DEFAULT_SITE"}]}
[debug] [2025-07-26T09:15:59.783Z] Checked if tokens are valid: true, expires at: 1753524957726
[debug] [2025-07-26T09:15:59.783Z] Checked if tokens are valid: true, expires at: 1753524957726
[debug] [2025-07-26T09:15:59.784Z] >>> [apiv2][query] GET https://firebase.googleapis.com/v1beta1/projects/weather-31ba2/webApps/1:229233406375:web:59013c92957e3279308682/config [none]
[debug] [2025-07-26T09:16:01.091Z] <<< [apiv2][status] GET https://firebase.googleapis.com/v1beta1/projects/weather-31ba2/webApps/1:229233406375:web:59013c92957e3279308682/config 200
[debug] [2025-07-26T09:16:01.091Z] <<< [apiv2][body] GET https://firebase.googleapis.com/v1beta1/projects/weather-31ba2/webApps/1:229233406375:web:59013c92957e3279308682/config {"projectId":"weather-31ba2","appId":"1:229233406375:web:59013c92957e3279308682","databaseURL":"https://weather-31ba2-default-rtdb.firebaseio.com","storageBucket":"weather-31ba2.firebasestorage.app","apiKey":"AIzaSyCfmDRoVBHhhiO27zWO-vfmtkB2MKkND9Q","authDomain":"weather-31ba2.firebaseapp.com","messagingSenderId":"229233406375","measurementId":"G-KWV1Q5JET0"}
[debug] [2025-07-26T09:16:01.099Z] Checked if tokens are valid: true, expires at: 1753524957726
[debug] [2025-07-26T09:16:01.099Z] Checked if tokens are valid: true, expires at: 1753524957726
[debug] [2025-07-26T09:16:01.099Z] >>> [apiv2][query] GET https://firebase.googleapis.com/v1beta1/projects/weather-31ba2 [none]
[debug] [2025-07-26T09:16:01.665Z] <<< [apiv2][status] GET https://firebase.googleapis.com/v1beta1/projects/weather-31ba2 200
[debug] [2025-07-26T09:16:01.665Z] <<< [apiv2][body] GET https://firebase.googleapis.com/v1beta1/projects/weather-31ba2 {"projectId":"weather-31ba2","projectNumber":"229233406375","displayName":"weather","name":"projects/weather-31ba2","resources":{"hostingSite":"weather-31ba2","realtimeDatabaseInstance":"weather-31ba2-default-rtdb"},"state":"ACTIVE","etag":"1_cb3aa4c0-03ae-486f-8a42-41b1e01debbc"}
[info] i  hosting[weather-31ba2]: Serving hosting files from: client/build {"metadata":{"emulator":{"name":"hosting"},"message":"Serving hosting files from: \u001b[1mclient/build\u001b[22m"}}
[info] +  hosting[weather-31ba2]: Local server: http://127.0.0.1:5002 {"metadata":{"emulator":{"name":"hosting"},"message":"Local server: \u001b[4m\u001b[1mhttp://127.0.0.1:5002\u001b[22m\u001b[24m"}}
[warn] !  emulators: The Emulator UI is not starting, either because none of the running emulators have a UI component or the Emulator UI cannot determine the Project ID. Pass the --project flag to specify a project. {"metadata":{"emulator":{"name":"hub"},"message":"The Emulator UI is not starting, either because none of the running emulators have a UI component or the Emulator UI cannot determine the Project ID. Pass the --project flag to specify a project."}}
[debug] [2025-07-26T09:16:01.706Z] Could not find VSCode notification endpoint: FetchError: request to http://localhost:40001/vscode/notify failed, reason: . If you are not running the Firebase Data Connect VSCode extension, this is expected and not an issue.
[info] 
┌─────────────────────────────────────────────────────────────┐
│ ✔  All emulators ready! It is now safe to connect your app. │
└─────────────────────────────────────────────────────────────┘

┌──────────┬────────────────┐
│ Emulator │ Host:Port      │
├──────────┼────────────────┤
│ Hosting  │ 127.0.0.1:5002 │
└──────────┴────────────────┘
  Emulator Hub host: 127.0.0.1 port: 4401
  Other reserved ports: 4501

Issues? Report them at https://github.com/firebase/firebase-tools/issues and attach the *-debug.log files.
 
[debug] [2025-07-26T09:16:27.791Z] Received signal SIGHUP 1
